[0.675s] Invoking command in '/home/thevaki/Desktop/ros2_ws/src/my_robot_controller/build/my_robot_controller': PYTHONPATH=/home/thevaki/Desktop/ros2_ws/src/my_robot_controller/build/my_robot_controller/prefix_override:/usr/lib/python3/dist-packages/colcon_core/task/python/colcon_distutils_commands:/home/thevaki/Desktop/ros2_ws/src/my_robot_controller/install/my_robot_controller/lib/python3.10/site-packages:${PYTHONPATH} /usr/bin/python3 -W ignore:setup.py install is deprecated -W ignore:easy_install command is deprecated setup.py develop --editable --build-directory /home/thevaki/Desktop/ros2_ws/src/my_robot_controller/build/my_robot_controller/build --no-deps symlink_data
[0.946s] running develop
[1.097s] running egg_info
[1.097s] creating my_robot_controller.egg-info
[1.098s] writing my_robot_controller.egg-info/PKG-INFO
[1.098s] writing dependency_links to my_robot_controller.egg-info/dependency_links.txt
[1.099s] writing entry points to my_robot_controller.egg-info/entry_points.txt
[1.100s] writing requirements to my_robot_controller.egg-info/requires.txt
[1.101s] writing top-level names to my_robot_controller.egg-info/top_level.txt
[1.101s] writing manifest file 'my_robot_controller.egg-info/SOURCES.txt'
[1.102s] reading manifest file 'my_robot_controller.egg-info/SOURCES.txt'
[1.104s] writing manifest file 'my_robot_controller.egg-info/SOURCES.txt'
[1.106s] running build_ext
[1.107s] Creating /home/thevaki/Desktop/ros2_ws/src/my_robot_controller/install/my_robot_controller/lib/python3.10/site-packages/my-robot-controller.egg-link (link to .)
[1.107s] Installing draw_circle script to /home/thevaki/Desktop/ros2_ws/src/my_robot_controller/install/my_robot_controller/lib/my_robot_controller
[1.108s] Installing heart_rate_INPUT script to /home/thevaki/Desktop/ros2_ws/src/my_robot_controller/install/my_robot_controller/lib/my_robot_controller
[1.109s] Installing heart_rate_OUTPUT script to /home/thevaki/Desktop/ros2_ws/src/my_robot_controller/install/my_robot_controller/lib/my_robot_controller
[1.109s] Installing pose_subscriber script to /home/thevaki/Desktop/ros2_ws/src/my_robot_controller/install/my_robot_controller/lib/my_robot_controller
[1.109s] Installing test_node script to /home/thevaki/Desktop/ros2_ws/src/my_robot_controller/install/my_robot_controller/lib/my_robot_controller
[1.110s] Installing turtle_controller script to /home/thevaki/Desktop/ros2_ws/src/my_robot_controller/install/my_robot_controller/lib/my_robot_controller
[1.111s] 
[1.111s] Installed /home/thevaki/Desktop/ros2_ws/src/my_robot_controller/build/my_robot_controller
[1.111s] running symlink_data
[1.111s] creating /home/thevaki/Desktop/ros2_ws/src/my_robot_controller/install/my_robot_controller/share/ament_index
[1.111s] creating /home/thevaki/Desktop/ros2_ws/src/my_robot_controller/install/my_robot_controller/share/ament_index/resource_index
[1.114s] creating /home/thevaki/Desktop/ros2_ws/src/my_robot_controller/install/my_robot_controller/share/ament_index/resource_index/packages
[1.114s] symbolically linking /home/thevaki/Desktop/ros2_ws/src/my_robot_controller/build/my_robot_controller/resource/my_robot_controller -> /home/thevaki/Desktop/ros2_ws/src/my_robot_controller/install/my_robot_controller/share/ament_index/resource_index/packages
[1.114s] symbolically linking /home/thevaki/Desktop/ros2_ws/src/my_robot_controller/build/my_robot_controller/package.xml -> /home/thevaki/Desktop/ros2_ws/src/my_robot_controller/install/my_robot_controller/share/my_robot_controller
[1.150s] Invoked command in '/home/thevaki/Desktop/ros2_ws/src/my_robot_controller/build/my_robot_controller' returned '0': PYTHONPATH=/home/thevaki/Desktop/ros2_ws/src/my_robot_controller/build/my_robot_controller/prefix_override:/usr/lib/python3/dist-packages/colcon_core/task/python/colcon_distutils_commands:/home/thevaki/Desktop/ros2_ws/src/my_robot_controller/install/my_robot_controller/lib/python3.10/site-packages:${PYTHONPATH} /usr/bin/python3 -W ignore:setup.py install is deprecated -W ignore:easy_install command is deprecated setup.py develop --editable --build-directory /home/thevaki/Desktop/ros2_ws/src/my_robot_controller/build/my_robot_controller/build --no-deps symlink_data
